Num of Passes: 1
CUDA Device Number: 0
Compute Capability of Device: 12.0
TIME_SYNC: CUPTI=1765294535625585601 MONOTONIC=3484406359733
Total num of Samples: 2610
Printing first 50 samples:
Sample Index: 0
Timestamps -> Start: [1765294535255363935] 	End: [1765294535863341307]
-----------------------------------------------------------------------------------
dram__cycles_active.sum                                             10898112.000
dram__bytes.sum                                                     87184896.000
sm__inst_executed_realtime.sum                                             0.000
l1tex__t_bytes.sum                                                         0.000
sm__cycles_active.sum                                                      0.000
sm__inst_executed_realtime.sum.per_cycle_active                            0.000
-----------------------------------------------------------------------------------

Sample Index: 1
Timestamps -> Start: [1765294535863341307] 	End: [1765294535879878795]
-----------------------------------------------------------------------------------
dram__cycles_active.sum                                               946912.000
dram__bytes.sum                                                      7575296.000
sm__inst_executed_realtime.sum                                             0.000
l1tex__t_bytes.sum                                                         0.000
sm__cycles_active.sum                                                      0.000
sm__inst_executed_realtime.sum.per_cycle_active                            0.000
-----------------------------------------------------------------------------------

Sample Index: 2
Timestamps -> Start: [1765294535879878795] 	End: [1765294535888908849]
-----------------------------------------------------------------------------------
dram__cycles_active.sum                                               500544.000
dram__bytes.sum                                                      4004352.000
sm__inst_executed_realtime.sum                                             0.000
l1tex__t_bytes.sum                                                         0.000
sm__cycles_active.sum                                                      0.000
sm__inst_executed_realtime.sum.per_cycle_active                            0.000
-----------------------------------------------------------------------------------

Sample Index: 3
Timestamps -> Start: [1765294535888908849] 	End: [1765294535903725990]
-----------------------------------------------------------------------------------
dram__cycles_active.sum                                               961504.000
dram__bytes.sum                                                      7692032.000
sm__inst_executed_realtime.sum                                             0.000
l1tex__t_bytes.sum                                                         0.000
sm__cycles_active.sum                                                      0.000
sm__inst_executed_realtime.sum.per_cycle_active                            0.000
-----------------------------------------------------------------------------------

Sample Index: 4
Timestamps -> Start: [1765294535903725990] 	End: [1765294535923633517]
-----------------------------------------------------------------------------------
dram__cycles_active.sum                                               922496.000
dram__bytes.sum                                                      7379968.000
sm__inst_executed_realtime.sum                                             0.000
l1tex__t_bytes.sum                                                         0.000
sm__cycles_active.sum                                                      0.000
sm__inst_executed_realtime.sum.per_cycle_active                            0.000
-----------------------------------------------------------------------------------

Sample Index: 5
Timestamps -> Start: [1765294535923633517] 	End: [1765294535942251287]
-----------------------------------------------------------------------------------
dram__cycles_active.sum                                               508384.000
dram__bytes.sum                                                      4067072.000
sm__inst_executed_realtime.sum                                             0.000
l1tex__t_bytes.sum                                                         0.000
sm__cycles_active.sum                                                      0.000
sm__inst_executed_realtime.sum.per_cycle_active                            0.000
-----------------------------------------------------------------------------------

Sample Index: 6
Timestamps -> Start: [1765294535942251287] 	End: [1765294535959591876]
-----------------------------------------------------------------------------------
dram__cycles_active.sum                                               952800.000
dram__bytes.sum                                                      7622400.000
sm__inst_executed_realtime.sum                                             0.000
l1tex__t_bytes.sum                                                         0.000
sm__cycles_active.sum                                                      0.000
sm__inst_executed_realtime.sum.per_cycle_active                            0.000
-----------------------------------------------------------------------------------

Sample Index: 7
Timestamps -> Start: [1765294535959591876] 	End: [1765294535978493101]
-----------------------------------------------------------------------------------
dram__cycles_active.sum                                               953280.000
dram__bytes.sum                                                      7626240.000
sm__inst_executed_realtime.sum                                             0.000
l1tex__t_bytes.sum                                                         0.000
sm__cycles_active.sum                                                      0.000
sm__inst_executed_realtime.sum.per_cycle_active                            0.000
-----------------------------------------------------------------------------------

Sample Index: 8
Timestamps -> Start: [1765294535978493101] 	End: [1765294535987390612]
-----------------------------------------------------------------------------------
dram__cycles_active.sum                                               501568.000
dram__bytes.sum                                                      4012544.000
sm__inst_executed_realtime.sum                                             0.000
l1tex__t_bytes.sum                                                         0.000
sm__cycles_active.sum                                                      0.000
sm__inst_executed_realtime.sum.per_cycle_active                            0.000
-----------------------------------------------------------------------------------

Sample Index: 9
Timestamps -> Start: [1765294535987390612] 	End: [1765294536003810020]
-----------------------------------------------------------------------------------
dram__cycles_active.sum                                               959360.000
dram__bytes.sum                                                      7674880.000
sm__inst_executed_realtime.sum                                             0.000
l1tex__t_bytes.sum                                                         0.000
sm__cycles_active.sum                                                      0.000
sm__inst_executed_realtime.sum.per_cycle_active                            0.000
-----------------------------------------------------------------------------------

Sample Index: 10
Timestamps -> Start: [1765294536003810020] 	End: [1765294536022057071]
-----------------------------------------------------------------------------------
dram__cycles_active.sum                                               480448.000
dram__bytes.sum                                                      3843584.000
sm__inst_executed_realtime.sum                                             0.000
l1tex__t_bytes.sum                                                         0.000
sm__cycles_active.sum                                                      0.000
sm__inst_executed_realtime.sum.per_cycle_active                            0.000
-----------------------------------------------------------------------------------

Sample Index: 11
Timestamps -> Start: [1765294536022057071] 	End: [1765294536041018296]
-----------------------------------------------------------------------------------
dram__cycles_active.sum                                               958016.000
dram__bytes.sum                                                      7664128.000
sm__inst_executed_realtime.sum                                             0.000
l1tex__t_bytes.sum                                                         0.000
sm__cycles_active.sum                                                      0.000
sm__inst_executed_realtime.sum.per_cycle_active                            0.000
-----------------------------------------------------------------------------------

Sample Index: 12
Timestamps -> Start: [1765294536041018296] 	End: [1765294536060050657]
-----------------------------------------------------------------------------------
dram__cycles_active.sum                                               958272.000
dram__bytes.sum                                                      7666176.000
sm__inst_executed_realtime.sum                                             0.000
l1tex__t_bytes.sum                                                         0.000
sm__cycles_active.sum                                                      0.000
sm__inst_executed_realtime.sum.per_cycle_active                            0.000
-----------------------------------------------------------------------------------

Sample Index: 13
Timestamps -> Start: [1765294536060050657] 	End: [1765294536069121191]
-----------------------------------------------------------------------------------
dram__cycles_active.sum                                              2142464.000
dram__bytes.sum                                                     17139712.000
sm__inst_executed_realtime.sum                                       2914200.000
l1tex__t_bytes.sum                                                  33301536.000
sm__cycles_active.sum                                               32254546.000
sm__inst_executed_realtime.sum.per_cycle_active                            2.711
-----------------------------------------------------------------------------------

Sample Index: 14
Timestamps -> Start: [1765294536069121191] 	End: [1765294536075939891]
-----------------------------------------------------------------------------------
dram__cycles_active.sum                                              2460576.000
dram__bytes.sum                                                     19684608.000
sm__inst_executed_realtime.sum                                       1614416.000
l1tex__t_bytes.sum                                                  24984832.000
sm__cycles_active.sum                                               25662174.000
sm__inst_executed_realtime.sum.per_cycle_active                            1.887
-----------------------------------------------------------------------------------

Sample Index: 15
Timestamps -> Start: [1765294536075939891] 	End: [1765294536081801154]
-----------------------------------------------------------------------------------
dram__cycles_active.sum                                              2239904.000
dram__bytes.sum                                                     17919232.000
sm__inst_executed_realtime.sum                                       3363976.000
l1tex__t_bytes.sum                                                  41691328.000
sm__cycles_active.sum                                               44103836.000
sm__inst_executed_realtime.sum.per_cycle_active                            2.288
-----------------------------------------------------------------------------------

Sample Index: 16
Timestamps -> Start: [1765294536081801154] 	End: [1765294536089107021]
-----------------------------------------------------------------------------------
dram__cycles_active.sum                                              2170080.000
dram__bytes.sum                                                     17360640.000
sm__inst_executed_realtime.sum                                        916908.000
l1tex__t_bytes.sum                                                  15535968.000
sm__cycles_active.sum                                                5326921.000
sm__inst_executed_realtime.sum.per_cycle_active                            5.164
-----------------------------------------------------------------------------------

Sample Index: 17
Timestamps -> Start: [1765294536089107021] 	End: [1765294536102933317]
-----------------------------------------------------------------------------------
dram__cycles_active.sum                                               566464.000
dram__bytes.sum                                                      4531712.000
sm__inst_executed_realtime.sum                                             0.000
l1tex__t_bytes.sum                                                         0.000
sm__cycles_active.sum                                                      0.000
sm__inst_executed_realtime.sum.per_cycle_active                            0.000
-----------------------------------------------------------------------------------

Sample Index: 18
Timestamps -> Start: [1765294536102933317] 	End: [1765294536122200237]
-----------------------------------------------------------------------------------
dram__cycles_active.sum                                               245088.000
dram__bytes.sum                                                      1960704.000
sm__inst_executed_realtime.sum                                             0.000
l1tex__t_bytes.sum                                                         0.000
sm__cycles_active.sum                                                      0.000
sm__inst_executed_realtime.sum.per_cycle_active                            0.000
-----------------------------------------------------------------------------------

Sample Index: 19
Timestamps -> Start: [1765294536122200237] 	End: [1765294536141522293]
-----------------------------------------------------------------------------------
dram__cycles_active.sum                                               236608.000
dram__bytes.sum                                                      1892864.000
sm__inst_executed_realtime.sum                                             0.000
l1tex__t_bytes.sum                                                         0.000
sm__cycles_active.sum                                                      0.000
sm__inst_executed_realtime.sum.per_cycle_active                            0.000
-----------------------------------------------------------------------------------

Sample Index: 20
Timestamps -> Start: [1765294536141522293] 	End: [1765294536160965372]
-----------------------------------------------------------------------------------
dram__cycles_active.sum                                               236832.000
dram__bytes.sum                                                      1894656.000
sm__inst_executed_realtime.sum                                             0.000
l1tex__t_bytes.sum                                                         0.000
sm__cycles_active.sum                                                      0.000
sm__inst_executed_realtime.sum.per_cycle_active                            0.000
-----------------------------------------------------------------------------------

Sample Index: 21
Timestamps -> Start: [1765294536160965372] 	End: [1765294536179124648]
-----------------------------------------------------------------------------------
dram__cycles_active.sum                                               240544.000
dram__bytes.sum                                                      1924352.000
sm__inst_executed_realtime.sum                                             0.000
l1tex__t_bytes.sum                                                         0.000
sm__cycles_active.sum                                                      0.000
sm__inst_executed_realtime.sum.per_cycle_active                            0.000
-----------------------------------------------------------------------------------

Sample Index: 22
Timestamps -> Start: [1765294536179124648] 	End: [1765294536193277119]
-----------------------------------------------------------------------------------
dram__cycles_active.sum                                               191840.000
dram__bytes.sum                                                      1534720.000
sm__inst_executed_realtime.sum                                             0.000
l1tex__t_bytes.sum                                                         0.000
sm__cycles_active.sum                                                      0.000
sm__inst_executed_realtime.sum.per_cycle_active                            0.000
-----------------------------------------------------------------------------------

Sample Index: 23
Timestamps -> Start: [1765294536193277119] 	End: [1765294536206128697]
-----------------------------------------------------------------------------------
dram__cycles_active.sum                                               318656.000
dram__bytes.sum                                                      2549248.000
sm__inst_executed_realtime.sum                                             0.000
l1tex__t_bytes.sum                                                         0.000
sm__cycles_active.sum                                                      0.000
sm__inst_executed_realtime.sum.per_cycle_active                            0.000
-----------------------------------------------------------------------------------

Sample Index: 24
Timestamps -> Start: [1765294536206128697] 	End: [1765294536223489831]
-----------------------------------------------------------------------------------
dram__cycles_active.sum                                               254400.000
dram__bytes.sum                                                      2035200.000
sm__inst_executed_realtime.sum                                             0.000
l1tex__t_bytes.sum                                                         0.000
sm__cycles_active.sum                                                      0.000
sm__inst_executed_realtime.sum.per_cycle_active                            0.000
-----------------------------------------------------------------------------------

Sample Index: 25
Timestamps -> Start: [1765294536223489831] 	End: [1765294536242581072]
-----------------------------------------------------------------------------------
dram__cycles_active.sum                                               200928.000
dram__bytes.sum                                                      1607424.000
sm__inst_executed_realtime.sum                                             0.000
l1tex__t_bytes.sum                                                         0.000
sm__cycles_active.sum                                                      0.000
sm__inst_executed_realtime.sum.per_cycle_active                            0.000
-----------------------------------------------------------------------------------

Sample Index: 26
Timestamps -> Start: [1765294536242581072] 	End: [1765294536260798139]
-----------------------------------------------------------------------------------
dram__cycles_active.sum                                               303808.000
dram__bytes.sum                                                      2430464.000
sm__inst_executed_realtime.sum                                             0.000
l1tex__t_bytes.sum                                                         0.000
sm__cycles_active.sum                                                      0.000
sm__inst_executed_realtime.sum.per_cycle_active                            0.000
-----------------------------------------------------------------------------------

Sample Index: 27
Timestamps -> Start: [1765294536260798139] 	End: [1765294536278635271]
-----------------------------------------------------------------------------------
dram__cycles_active.sum                                               305216.000
dram__bytes.sum                                                      2441728.000
sm__inst_executed_realtime.sum                                             0.000
l1tex__t_bytes.sum                                                         0.000
sm__cycles_active.sum                                                      0.000
sm__inst_executed_realtime.sum.per_cycle_active                            0.000
-----------------------------------------------------------------------------------

Sample Index: 28
Timestamps -> Start: [1765294536278635271] 	End: [1765294536286487440]
-----------------------------------------------------------------------------------
dram__cycles_active.sum                                               220224.000
dram__bytes.sum                                                      1761792.000
sm__inst_executed_realtime.sum                                             0.000
l1tex__t_bytes.sum                                                         0.000
sm__cycles_active.sum                                                      0.000
sm__inst_executed_realtime.sum.per_cycle_active                            0.000
-----------------------------------------------------------------------------------

Sample Index: 29
Timestamps -> Start: [1765294536286487440] 	End: [1765294536301106342]
-----------------------------------------------------------------------------------
dram__cycles_active.sum                                               200992.000
dram__bytes.sum                                                      1607936.000
sm__inst_executed_realtime.sum                                             0.000
l1tex__t_bytes.sum                                                         0.000
sm__cycles_active.sum                                                      0.000
sm__inst_executed_realtime.sum.per_cycle_active                            0.000
-----------------------------------------------------------------------------------

Sample Index: 30
Timestamps -> Start: [1765294536301106342] 	End: [1765294536318833746]
-----------------------------------------------------------------------------------
dram__cycles_active.sum                                               374080.000
dram__bytes.sum                                                      2992640.000
sm__inst_executed_realtime.sum                                             0.000
l1tex__t_bytes.sum                                                         0.000
sm__cycles_active.sum                                                      0.000
sm__inst_executed_realtime.sum.per_cycle_active                            0.000
-----------------------------------------------------------------------------------

Sample Index: 31
Timestamps -> Start: [1765294536318833746] 	End: [1765294536338408186]
-----------------------------------------------------------------------------------
dram__cycles_active.sum                                               371392.000
dram__bytes.sum                                                      2971136.000
sm__inst_executed_realtime.sum                                             0.000
l1tex__t_bytes.sum                                                         0.000
sm__cycles_active.sum                                                      0.000
sm__inst_executed_realtime.sum.per_cycle_active                            0.000
-----------------------------------------------------------------------------------

Sample Index: 32
Timestamps -> Start: [1765294536338408186] 	End: [1765294536355301257]
-----------------------------------------------------------------------------------
dram__cycles_active.sum                                               371936.000
dram__bytes.sum                                                      2975488.000
sm__inst_executed_realtime.sum                                             0.000
l1tex__t_bytes.sum                                                         0.000
sm__cycles_active.sum                                                      0.000
sm__inst_executed_realtime.sum.per_cycle_active                            0.000
-----------------------------------------------------------------------------------

Sample Index: 33
Timestamps -> Start: [1765294536355301257] 	End: [1765294536373678483]
-----------------------------------------------------------------------------------
dram__cycles_active.sum                                               371488.000
dram__bytes.sum                                                      2971904.000
sm__inst_executed_realtime.sum                                             0.000
l1tex__t_bytes.sum                                                         0.000
sm__cycles_active.sum                                                      0.000
sm__inst_executed_realtime.sum.per_cycle_active                            0.000
-----------------------------------------------------------------------------------

Sample Index: 34
Timestamps -> Start: [1765294536373678483] 	End: [1765294536384554164]
-----------------------------------------------------------------------------------
dram__cycles_active.sum                                               210752.000
dram__bytes.sum                                                      1686016.000
sm__inst_executed_realtime.sum                                             0.000
l1tex__t_bytes.sum                                                         0.000
sm__cycles_active.sum                                                      0.000
sm__inst_executed_realtime.sum.per_cycle_active                            0.000
-----------------------------------------------------------------------------------

Sample Index: 35
Timestamps -> Start: [1765294536384554164] 	End: [1765294536400515334]
-----------------------------------------------------------------------------------
dram__cycles_active.sum                                               232064.000
dram__bytes.sum                                                      1856512.000
sm__inst_executed_realtime.sum                                             0.000
l1tex__t_bytes.sum                                                         0.000
sm__cycles_active.sum                                                      0.000
sm__inst_executed_realtime.sum.per_cycle_active                            0.000
-----------------------------------------------------------------------------------

Sample Index: 36
Timestamps -> Start: [1765294536400515334] 	End: [1765294536419337551]
-----------------------------------------------------------------------------------
dram__cycles_active.sum                                               423936.000
dram__bytes.sum                                                      3391488.000
sm__inst_executed_realtime.sum                                             0.000
l1tex__t_bytes.sum                                                         0.000
sm__cycles_active.sum                                                      0.000
sm__inst_executed_realtime.sum.per_cycle_active                            0.000
-----------------------------------------------------------------------------------

Sample Index: 37
Timestamps -> Start: [1765294536419337551] 	End: [1765294536438806519]
-----------------------------------------------------------------------------------
dram__cycles_active.sum                                               422368.000
dram__bytes.sum                                                      3378944.000
sm__inst_executed_realtime.sum                                             0.000
l1tex__t_bytes.sum                                                         0.000
sm__cycles_active.sum                                                      0.000
sm__inst_executed_realtime.sum.per_cycle_active                            0.000
-----------------------------------------------------------------------------------

Sample Index: 38
Timestamps -> Start: [1765294536438806519] 	End: [1765294536458423294]
-----------------------------------------------------------------------------------
dram__cycles_active.sum                                               422144.000
dram__bytes.sum                                                      3377152.000
sm__inst_executed_realtime.sum                                             0.000
l1tex__t_bytes.sum                                                         0.000
sm__cycles_active.sum                                                      0.000
sm__inst_executed_realtime.sum.per_cycle_active                            0.000
-----------------------------------------------------------------------------------

Sample Index: 39
Timestamps -> Start: [1765294536458423294] 	End: [1765294536476388362]
-----------------------------------------------------------------------------------
dram__cycles_active.sum                                               424096.000
dram__bytes.sum                                                      3392768.000
sm__inst_executed_realtime.sum                                             0.000
l1tex__t_bytes.sum                                                         0.000
sm__cycles_active.sum                                                      0.000
sm__inst_executed_realtime.sum.per_cycle_active                            0.000
-----------------------------------------------------------------------------------

Sample Index: 40
Timestamps -> Start: [1765294536476388362] 	End: [1765294536485397263]
-----------------------------------------------------------------------------------
dram__cycles_active.sum                                               241888.000
dram__bytes.sum                                                      1935104.000
sm__inst_executed_realtime.sum                                             0.000
l1tex__t_bytes.sum                                                         0.000
sm__cycles_active.sum                                                      0.000
sm__inst_executed_realtime.sum.per_cycle_active                            0.000
-----------------------------------------------------------------------------------

Sample Index: 41
Timestamps -> Start: [1765294536485397263] 	End: [1765294536500583652]
-----------------------------------------------------------------------------------
dram__cycles_active.sum                                               254528.000
dram__bytes.sum                                                      2036224.000
sm__inst_executed_realtime.sum                                             0.000
l1tex__t_bytes.sum                                                         0.000
sm__cycles_active.sum                                                      0.000
sm__inst_executed_realtime.sum.per_cycle_active                            0.000
-----------------------------------------------------------------------------------

Sample Index: 42
Timestamps -> Start: [1765294536500583652] 	End: [1765294536520787529]
-----------------------------------------------------------------------------------
dram__cycles_active.sum                                               469248.000
dram__bytes.sum                                                      3753984.000
sm__inst_executed_realtime.sum                                             0.000
l1tex__t_bytes.sum                                                         0.000
sm__cycles_active.sum                                                      0.000
sm__inst_executed_realtime.sum.per_cycle_active                            0.000
-----------------------------------------------------------------------------------

Sample Index: 43
Timestamps -> Start: [1765294536520787529] 	End: [1765294536541393869]
-----------------------------------------------------------------------------------
dram__cycles_active.sum                                               468480.000
dram__bytes.sum                                                      3747840.000
sm__inst_executed_realtime.sum                                             0.000
l1tex__t_bytes.sum                                                         0.000
sm__cycles_active.sum                                                      0.000
sm__inst_executed_realtime.sum.per_cycle_active                            0.000
-----------------------------------------------------------------------------------

Sample Index: 44
Timestamps -> Start: [1765294536541393869] 	End: [1765294536563418125]
-----------------------------------------------------------------------------------
dram__cycles_active.sum                                               467904.000
dram__bytes.sum                                                      3743232.000
sm__inst_executed_realtime.sum                                             0.000
l1tex__t_bytes.sum                                                         0.000
sm__cycles_active.sum                                                      0.000
sm__inst_executed_realtime.sum.per_cycle_active                            0.000
-----------------------------------------------------------------------------------

Sample Index: 45
Timestamps -> Start: [1765294536563418125] 	End: [1765294536582847285]
-----------------------------------------------------------------------------------
dram__cycles_active.sum                                               470560.000
dram__bytes.sum                                                      3764480.000
sm__inst_executed_realtime.sum                                             0.000
l1tex__t_bytes.sum                                                         0.000
sm__cycles_active.sum                                                      0.000
sm__inst_executed_realtime.sum.per_cycle_active                            0.000
-----------------------------------------------------------------------------------

Sample Index: 46
Timestamps -> Start: [1765294536582847285] 	End: [1765294536602215421]
-----------------------------------------------------------------------------------
dram__cycles_active.sum                                               522976.000
dram__bytes.sum                                                      4183808.000
sm__inst_executed_realtime.sum                                             0.000
l1tex__t_bytes.sum                                                         0.000
sm__cycles_active.sum                                                      0.000
sm__inst_executed_realtime.sum.per_cycle_active                            0.000
-----------------------------------------------------------------------------------

Sample Index: 47
Timestamps -> Start: [1765294536602215421] 	End: [1765294536621325701]
-----------------------------------------------------------------------------------
dram__cycles_active.sum                                               500192.000
dram__bytes.sum                                                      4001536.000
sm__inst_executed_realtime.sum                                             0.000
l1tex__t_bytes.sum                                                         0.000
sm__cycles_active.sum                                                      0.000
sm__inst_executed_realtime.sum.per_cycle_active                            0.000
-----------------------------------------------------------------------------------

Sample Index: 48
Timestamps -> Start: [1765294536621325701] 	End: [1765294536644170499]
-----------------------------------------------------------------------------------
dram__cycles_active.sum                                               749504.000
dram__bytes.sum                                                      5996032.000
sm__inst_executed_realtime.sum                                             0.000
l1tex__t_bytes.sum                                                         0.000
sm__cycles_active.sum                                                      0.000
sm__inst_executed_realtime.sum.per_cycle_active                            0.000
-----------------------------------------------------------------------------------

Sample Index: 49
Timestamps -> Start: [1765294536644170499] 	End: [1765294536673272271]
-----------------------------------------------------------------------------------
dram__cycles_active.sum                                               502016.000
dram__bytes.sum                                                      4016128.000
sm__inst_executed_realtime.sum                                             0.000
l1tex__t_bytes.sum                                                         0.000
sm__cycles_active.sum                                                      0.000
sm__inst_executed_realtime.sum.per_cycle_active                            0.000
-----------------------------------------------------------------------------------

Exported 2610 samples to CSV: /home/mark/workspace/ebpf-cupti/src/xpu/flamegraph/demores_dual/pm_sampling_metrics.csv
To visualize, run: python visualize_pm_sampling.py --csv /home/mark/workspace/ebpf-cupti/src/xpu/flamegraph/demores_dual/pm_sampling_metrics.csv
